# JRE version: Java(TM) SE Runtime Environment (8.0_121-b13) (build 1.8.0_121-b13)
# Java VM: Java HotSpot(TM) 64-Bit Server VM (25.121-b13 mixed mode windows-amd64 compressed oops)
Heap:
 PSYoungGen      total 356864K, used 163518K [0x000000076c780000, 0x0000000784d80000, 0x00000007c0000000)
  eden space 318464K, 51% used [0x000000076c780000,0x000000077672fbc0,0x000000077fe80000)
  from space 38400K, 0% used [0x0000000782580000,0x0000000782580000,0x0000000784b00000)
  to   space 39936K, 0% used [0x000000077fe80000,0x000000077fe80000,0x0000000782580000)
 ParOldGen       total 268800K, used 76628K [0x00000006c5600000, 0x00000006d5c80000, 0x000000076c780000)
  object space 268800K, 28% used [0x00000006c5600000,0x00000006ca0d5008,0x00000006d5c80000)
 Metaspace       used 63821K, capacity 66428K, committed 66708K, reserved 1110016K
  class space    used 7994K, capacity 8866K, committed 8892K, reserved 1048576K
GC Heap History (10 events):
Event: 23.104 GC heap before
{Heap before GC invocations=11 (full 2):
 PSYoungGen      total 276480K, used 13769K [0x000000076c780000, 0x0000000781b00000, 0x00000007c0000000)
  eden space 238080K, 0% used [0x000000076c780000,0x000000076c780000,0x000000077b000000)
  from space 38400K, 35% used [0x000000077b000000,0x000000077bd727b8,0x000000077d580000)
  to   space 37376K, 0% used [0x000000077f680000,0x000000077f680000,0x0000000781b00000)
 ParOldGen       total 151040K, used 64521K [0x00000006c5600000, 0x00000006ce980000, 0x000000076c780000)
  object space 151040K, 42% used [0x00000006c5600000,0x00000006c95026a0,0x00000006ce980000)
 Metaspace       used 33967K, capacity 35318K, committed 35416K, reserved 1081344K
  class space    used 4027K, capacity 4459K, committed 4480K, reserved 1048576K
Event: 23.330 GC heap after
Heap after GC invocations=11 (full 2):
 PSYoungGen      total 276480K, used 0K [0x000000076c780000, 0x0000000781b00000, 0x00000007c0000000)
  eden space 238080K, 0% used [0x000000076c780000,0x000000076c780000,0x000000077b000000)
  from space 38400K, 0% used [0x000000077b000000,0x000000077b000000,0x000000077d580000)
  to   space 37376K, 0% used [0x000000077f680000,0x000000077f680000,0x0000000781b00000)
 ParOldGen       total 268800K, used 54115K [0x00000006c5600000, 0x00000006d5c80000, 0x000000076c780000)
  object space 268800K, 20% used [0x00000006c5600000,0x00000006c8ad8df8,0x00000006d5c80000)
 Metaspace       used 31429K, capacity 32644K, committed 35416K, reserved 1081344K
  class space    used 3702K, capacity 4078K, committed 4480K, reserved 1048576K
}
Event: 26.788 GC heap before
{Heap before GC invocations=12 (full 2):
 PSYoungGen      total 276480K, used 238080K [0x000000076c780000, 0x0000000781b00000, 0x00000007c0000000)
  eden space 238080K, 100% used [0x000000076c780000,0x000000077b000000,0x000000077b000000)
  from space 38400K, 0% used [0x000000077b000000,0x000000077b000000,0x000000077d580000)
  to   space 37376K, 0% used [0x000000077f680000,0x000000077f680000,0x0000000781b00000)
 ParOldGen       total 268800K, used 54115K [0x00000006c5600000, 0x00000006d5c80000, 0x000000076c780000)
  object space 268800K, 20% used [0x00000006c5600000,0x00000006c8ad8df8,0x00000006d5c80000)
 Metaspace       used 40233K, capacity 41816K, committed 41944K, reserved 1085440K
  class space    used 4885K, capacity 5352K, committed 5376K, reserved 1048576K
Event: 26.810 GC heap after
Heap after GC invocations=12 (full 2):
 PSYoungGen      total 311808K, used 19158K [0x000000076c780000, 0x0000000781c00000, 0x00000007c0000000)
  eden space 274432K, 0% used [0x000000076c780000,0x000000076c780000,0x000000077d380000)
  from space 37376K, 51% used [0x000000077f680000,0x0000000780935930,0x0000000781b00000)
  to   space 35840K, 0% used [0x000000077d380000,0x000000077d380000,0x000000077f680000)
 ParOldGen       total 268800K, used 54123K [0x00000006c5600000, 0x00000006d5c80000, 0x000000076c780000)
  object space 268800K, 20% used [0x00000006c5600000,0x00000006c8adadf8,0x00000006d5c80000)
 Metaspace       used 40233K, capacity 41816K, committed 41944K, reserved 1085440K
  class space    used 4885K, capacity 5352K, committed 5376K, reserved 1048576K
}
Event: 30.213 GC heap before
{Heap before GC invocations=13 (full 2):
 PSYoungGen      total 311808K, used 293590K [0x000000076c780000, 0x0000000781c00000, 0x00000007c0000000)
  eden space 274432K, 100% used [0x000000076c780000,0x000000077d380000,0x000000077d380000)
  from space 37376K, 51% used [0x000000077f680000,0x0000000780935930,0x0000000781b00000)
  to   space 35840K, 0% used [0x000000077d380000,0x000000077d380000,0x000000077f680000)
 ParOldGen       total 268800K, used 54123K [0x00000006c5600000, 0x00000006d5c80000, 0x000000076c780000)
  object space 268800K, 20% used [0x00000006c5600000,0x00000006c8adadf8,0x00000006d5c80000)
 Metaspace       used 50238K, capacity 52332K, committed 52568K, reserved 1095680K
  class space    used 6214K, capacity 6914K, committed 7040K, reserved 1048576K
Event: 30.248 GC heap after
Heap after GC invocations=13 (full 2):
 PSYoungGen      total 310272K, used 31221K [0x000000076c780000, 0x0000000784b00000, 0x00000007c0000000)
  eden space 274432K, 0% used [0x000000076c780000,0x000000076c780000,0x000000077d380000)
  from space 35840K, 87% used [0x000000077d380000,0x000000077f1fd608,0x000000077f680000)
  to   space 38400K, 0% used [0x0000000782580000,0x0000000782580000,0x0000000784b00000)
 ParOldGen       total 268800K, used 54131K [0x00000006c5600000, 0x00000006d5c80000, 0x000000076c780000)
  object space 268800K, 20% used [0x00000006c5600000,0x00000006c8adcdf8,0x00000006d5c80000)
 Metaspace       used 50238K, capacity 52332K, committed 52568K, reserved 1095680K
  class space    used 6214K, capacity 6914K, committed 7040K, reserved 1048576K
}
Event: 33.285 GC heap before
{Heap before GC invocations=14 (full 2):
 PSYoungGen      total 310272K, used 271927K [0x000000076c780000, 0x0000000784b00000, 0x00000007c0000000)
  eden space 274432K, 87% used [0x000000076c780000,0x000000077b290780,0x000000077d380000)
  from space 35840K, 87% used [0x000000077d380000,0x000000077f1fd608,0x000000077f680000)
  to   space 38400K, 0% used [0x0000000782580000,0x0000000782580000,0x0000000784b00000)
 ParOldGen       total 268800K, used 54131K [0x00000006c5600000, 0x00000006d5c80000, 0x000000076c780000)
  object space 268800K, 20% used [0x00000006c5600000,0x00000006c8adcdf8,0x00000006d5c80000)
 Metaspace       used 56580K, capacity 58954K, committed 59028K, reserved 1099776K
  class space    used 7065K, capacity 7819K, committed 7868K, reserved 1048576K
Event: 33.314 GC heap after
Heap after GC invocations=14 (full 2):
 PSYoungGen      total 356864K, used 29401K [0x000000076c780000, 0x0000000784d80000, 0x00000007c0000000)
  eden space 318464K, 0% used [0x000000076c780000,0x000000076c780000,0x000000077fe80000)
  from space 38400K, 76% used [0x0000000782580000,0x00000007842365a0,0x0000000784b00000)
  to   space 39936K, 0% used [0x000000077fe80000,0x000000077fe80000,0x0000000782580000)
 ParOldGen       total 268800K, used 54139K [0x00000006c5600000, 0x00000006d5c80000, 0x000000076c780000)
  object space 268800K, 20% used [0x00000006c5600000,0x00000006c8adedf8,0x00000006d5c80000)
 Metaspace       used 56580K, capacity 58954K, committed 59028K, reserved 1099776K
  class space    used 7065K, capacity 7819K, committed 7868K, reserved 1048576K
}
Event: 33.314 GC heap before
{Heap before GC invocations=15 (full 3):
 PSYoungGen      total 356864K, used 29401K [0x000000076c780000, 0x0000000784d80000, 0x00000007c0000000)
  eden space 318464K, 0% used [0x000000076c780000,0x000000076c780000,0x000000077fe80000)
  from space 38400K, 76% used [0x0000000782580000,0x00000007842365a0,0x0000000784b00000)
  to   space 39936K, 0% used [0x000000077fe80000,0x000000077fe80000,0x0000000782580000)
 ParOldGen       total 268800K, used 54139K [0x00000006c5600000, 0x00000006d5c80000, 0x000000076c780000)
  object space 268800K, 20% used [0x00000006c5600000,0x00000006c8adedf8,0x00000006d5c80000)
 Metaspace       used 56580K, capacity 58954K, committed 59028K, reserved 1099776K
  class space    used 7065K, capacity 7819K, committed 7868K, reserved 1048576K
Event: 33.698 GC heap after
Heap after GC invocations=15 (full 3):
 PSYoungGen      total 356864K, used 0K [0x000000076c780000, 0x0000000784d80000, 0x00000007c0000000)
  eden space 318464K, 0% used [0x000000076c780000,0x000000076c780000,0x000000077fe80000)
  from space 38400K, 0% used [0x0000000782580000,0x0000000782580000,0x0000000784b00000)
  to   space 39936K, 0% used [0x000000077fe80000,0x000000077fe80000,0x0000000782580000)
 ParOldGen       total 268800K, used 76628K [0x00000006c5600000, 0x00000006d5c80000, 0x000000076c780000)
  object space 268800K, 28% used [0x00000006c5600000,0x00000006ca0d5008,0x00000006d5c80000)
 Metaspace       used 56580K, capacity 58954K, committed 59028K, reserved 1099776K
  class space    used 7065K, capacity 7819K, committed 7868K, reserved 1048576K
}

